<?xml version="1.0" encoding="UTF-8"?>
<coverage generated="1492019957104" clover="3.2.0">
  <project timestamp="1492019957104" name="All files">
    <metrics statements="4" coveredstatements="4" conditionals="0" coveredconditionals="0" methods="2" coveredmethods="2" elements="6" coveredelements="6" complexity="0" loc="4" ncloc="4" packages="2" files="2" classes="2">
      <package name="components">
        <metrics statements="2" coveredstatements="2" conditionals="0" coveredconditionals="0" methods="1" coveredmethods="1"/>
        <file name="VideoCard.js" path="/home/samundrak/projects/fem-complete-react-intro/src/components/VideoCard.js">
          <metrics statements="2" coveredstatements="2" conditionals="0" coveredconditionals="0" methods="1" coveredmethods="1"/>
          <line num="4" count="2" type="stmt"/>
          <line num="5" count="1" type="stmt"/>
        </file>
      </package>
      <package name="pages">
        <metrics statements="2" coveredstatements="2" conditionals="0" coveredconditionals="0" methods="1" coveredmethods="1"/>
        <file name="Home.js" path="/home/samundrak/projects/fem-complete-react-intro/src/pages/Home.js">
          <metrics statements="2" coveredstatements="2" conditionals="0" coveredconditionals="0" methods="1" coveredmethods="1"/>
          <line num="5" count="1" type="stmt"/>
          <line num="6" count="1" type="stmt"/>
        </file>
      </package>
    </metrics>
  </project>
</coverage>
